#
# A fatal error has been detected by the Java Runtime Environment:
#
#  EXCEPTION_ACCESS_VIOLATION (0xc0000005) at pc=0x5f23757e, pid=28484, tid=0x00004104
#
# JRE version: Java(TM) SE Runtime Environment (8.0_191-b12) (build 1.8.0_191-b12)
# Java VM: Java HotSpot(TM) Client VM (25.191-b12 mixed mode windows-x86 )
# Problematic frame:
# V  [jvm.dll+0xe757e]
#
# Failed to write core dump. Minidumps are not enabled by default on client versions of Windows
#
# If you would like to submit a bug report, please visit:
#   http://bugreport.java.com/bugreport/crash.jsp
#

---------------  T H R E A D  ---------------

Current thread (0x29b05000):  JavaThread "EventThread COM11" [_thread_in_vm, id=16644, stack(0x256f0000,0x25740000)]

siginfo: ExceptionCode=0xc0000005, reading address 0x00000000

Registers:
EAX=0x00000000, EBX=0x0128bf30, ECX=0x29b05000, EDX=0x0000009f
ESP=0x2572a16c, EBP=0x2572a188, ESI=0x00000000, EDI=0x29b05000
EIP=0x5f23757e, EFLAGS=0x00010246

Top of Stack: (sp=0x2572a16c)
0x2572a16c:   2572a1a4 29b05140 0128bf30 29b05000
0x2572a17c:   2817faa4 0000009f 5f435568 2573f618
0x2572a18c:   6400183d 29b05140 00000000 00000000
0x2572a19c:   0001542a 2572a1a4 6f6c0a0d 0a0d706f
0x2572a1ac:   706f6f6c 6f6c0a0d 0a0d706f 706f6f6c
0x2572a1bc:   6f6c0a0d 0a0d706f 706f6f6c 6f6c0a0d
0x2572a1cc:   0a0d706f 706f6f6c 6f6c0a0d 0a0d706f
0x2572a1dc:   706f6f6c 6f6c0a0d 0a0d706f 706f6f6c 

Instructions: (pc=0x5f23757e)
0x5f23755e:   c4 08 83 7f 04 00 89 7d f0 c7 45 f4 00 00 00 00
0x5f23756e:   74 08 8d 4d f0 e8 e8 34 0c 00 8b 75 10 8b 45 0c
0x5f23757e:   8b 10 85 f6 78 32 8b 45 14 85 c0 78 2b 8d 0c 06
0x5f23758e:   3b 4a 08 77 23 85 c0 7e 3b 8b 4a 04 8b 49 04 83 


Register to memory mapping:

EAX=0x00000000 is an unknown value
EBX=0x0128bf30 is an unknown value
ECX=0x29b05000 is a thread
EDX=0x0000009f is an unknown value
ESP=0x2572a16c is pointing into the stack for thread: 0x29b05000
EBP=0x2572a188 is pointing into the stack for thread: 0x29b05000
ESI=0x00000000 is an unknown value
EDI=0x29b05000 is a thread


Stack: [0x256f0000,0x25740000],  sp=0x2572a16c,  free space=232k
Native frames: (J=compiled Java code, j=interpreted, Vv=VM code, C=native code)
V  [jvm.dll+0xe757e]
C  [jSSC-2.8_x86.dll+0x183d]
J 3452  jssc.SerialNativeInterface.readBytes(JI)[B (0 bytes) @ 0x038e4fa5 [0x038e4f10+0x95]
J 3472% C1 jssc.SerialPort$EventThread.run()V (84 bytes) @ 0x038f1d0c [0x038f1a80+0x28c]
v  ~StubRoutines::call_stub
V  [jvm.dll+0x15c315]
V  [jvm.dll+0x223ece]
V  [jvm.dll+0x15c3ae]
V  [jvm.dll+0x15c536]
V  [jvm.dll+0x15c5a7]
V  [jvm.dll+0x1002ef]
V  [jvm.dll+0x17f550]
V  [jvm.dll+0x17fdca]
V  [jvm.dll+0x1c57a6]
C  [msvcr100.dll+0x5c556]
C  [msvcr100.dll+0x5c600]
C  [KERNEL32.DLL+0x1fa29]
C  [ntdll.dll+0x67a7e]
C  [ntdll.dll+0x67a4e]
C  0x00000000

Java frames: (J=compiled Java code, j=interpreted, Vv=VM code)
J 3452  jssc.SerialNativeInterface.readBytes(JI)[B (0 bytes) @ 0x038e4f61 [0x038e4f10+0x51]
J 3472% C1 jssc.SerialPort$EventThread.run()V (84 bytes) @ 0x038f1d0c [0x038f1a80+0x28c]
v  ~StubRoutines::call_stub

---------------  P R O C E S S  ---------------

Java Threads: ( => current thread )
=>0x29b05000 JavaThread "EventThread COM11" [_thread_in_vm, id=16644, stack(0x256f0000,0x25740000)]
  0x29b06400 JavaThread "DestroyJavaVM" [_thread_blocked, id=26488, stack(0x030b0000,0x03100000)]
  0x29b07000 JavaThread "TimerQueue" daemon [_thread_blocked, id=17552, stack(0x2afe0000,0x2b030000)]
  0x2856c800 JavaThread "AWT-EventQueue-0" [_thread_blocked, id=13188, stack(0x2ab90000,0x2abe0000)]
  0x2856c000 JavaThread "AWT-Shutdown" [_thread_blocked, id=13304, stack(0x2ab00000,0x2ab50000)]
  0x2856ac00 JavaThread "Batik CleanerThread" daemon [_thread_blocked, id=12492, stack(0x29810000,0x29860000)]
  0x2856d400 JavaThread "JmDNS(MSI.local.).State.Timer" [_thread_blocked, id=7968, stack(0x295f0000,0x29640000)]
  0x2857c400 JavaThread "JmDNS(MSI.local.).Timer" daemon [_thread_blocked, id=11876, stack(0x29350000,0x293a0000)]
  0x2856cc00 JavaThread "SocketListener(MSI.local.)" daemon [_thread_in_native, id=11664, stack(0x291a0000,0x291f0000)]
  0x26b3bc00 JavaThread "Multihomed mDNS.Timer" daemon [_thread_blocked, id=15916, stack(0x27250000,0x272a0000)]
  0x26b33800 JavaThread "cc.arduino.packages.discoverers.serial.SerialDiscovery" [_thread_in_native, id=19124, stack(0x29110000,0x29160000)]
  0x26d4b800 JavaThread "AWT-Windows" daemon [_thread_in_native, id=10736, stack(0x272e0000,0x27330000)]
  0x26d4a800 JavaThread "Java2D Disposer" daemon [_thread_blocked, id=28304, stack(0x271c0000,0x27210000)]
  0x26419800 JavaThread "Service Thread" daemon [_thread_blocked, id=15076, stack(0x26980000,0x269d0000)]
  0x26417400 JavaThread "C1 CompilerThread0" daemon [_thread_blocked, id=30360, stack(0x268f0000,0x26940000)]
  0x263eac00 JavaThread "Attach Listener" daemon [_thread_blocked, id=3116, stack(0x26860000,0x268b0000)]
  0x263e9c00 JavaThread "Signal Dispatcher" daemon [_thread_blocked, id=27504, stack(0x267d0000,0x26820000)]
  0x263cc000 JavaThread "Finalizer" daemon [_thread_blocked, id=21552, stack(0x266d0000,0x26720000)]
  0x263c6400 JavaThread "Reference Handler" daemon [_thread_blocked, id=25348, stack(0x26640000,0x26690000)]

Other Threads:
  0x263b0800 VMThread [stack: 0x265b0000,0x26600000] [id=19592]
  0x2641dc00 WatcherThread [stack: 0x26a10000,0x26a60000] [id=25476]

VM state:synchronizing (normal execution)

VM Mutex/Monitor currently owned by a thread:  ([mutex/lock_event])
[0x02f6e658] Threads_lock - owner thread: 0x263b0800
[0x02f6e8c8] Heap_lock - owner thread: 0x2856c800

Heap:
 def new generation   total 157248K, used 157248K [0x05600000, 0x100a0000, 0x100a0000)
  eden space 139776K, 100% used [0x05600000, 0x0de80000, 0x0de80000)
  from space 17472K, 100% used [0x0de80000, 0x0ef90000, 0x0ef90000)
  to   space 17472K,   0% used [0x0ef90000, 0x0ef90000, 0x100a0000)
 tenured generation   total 349568K, used 349567K [0x100a0000, 0x25600000, 0x25600000)
   the space 349568K,  99% used [0x100a0000, 0x255ffff8, 0x25600000, 0x25600000)
 Metaspace       used 25707K, capacity 26259K, committed 26368K, reserved 27008K

Card table byte_map: [0x05420000,0x05530000] byte_map_base: 0x053f5000

Polling page: 0x02e80000

CodeCache: size=32768Kb used=3340Kb max_used=5762Kb free=29427Kb
 bounds [0x03370000, 0x03918000, 0x05370000]
 total_blobs=1992 nmethods=1692 adapters=229
 compilation: enabled

Compilation events (10 events):
Event: 593.797 Thread 0x26417400 4665  s          java.util.Hashtable::get (69 bytes)
Event: 593.797 Thread 0x26417400 nmethod 4665 0x0365d488 code [0x0365d5b0, 0x0365d878]
Event: 594.176 Thread 0x26417400 4666             javax.swing.text.AbstractDocument$LeafElement::getStartOffset (10 bytes)
Event: 594.176 Thread 0x26417400 nmethod 4666 0x03647fc8 code [0x036480d0, 0x0364819c]
Event: 594.177 Thread 0x26417400 4667             javax.swing.text.View::getStartOffset (10 bytes)
Event: 594.177 Thread 0x26417400 nmethod 4667 0x038a5f08 code [0x038a6010, 0x038a60ac]
Event: 594.546 Thread 0x26417400 4668             javax.swing.text.CompositeView::getViewIndex (34 bytes)
Event: 594.546 Thread 0x26417400 nmethod 4668 0x038a5c08 code [0x038a5d30, 0x038a5e44]
Event: 599.514 Thread 0x26417400 4669             java.lang.String::lastIndexOf (52 bytes)
Event: 600.908 Thread 0x26417400 nmethod 4669 0x038a4188 code [0x038a4290, 0x038a439c]

GC Heap History (10 events):
Event: 600.528 GC heap before
{Heap before GC invocations=98 (full 67):
 def new generation   total 157248K, used 157247K [0x05600000, 0x100a0000, 0x100a0000)
  eden space 139776K, 100% used [0x05600000, 0x0de80000, 0x0de80000)
  from space 17472K,  99% used [0x0de80000, 0x0ef8fff8, 0x0ef90000)
  to   space 17472K,   0% used [0x0ef90000, 0x0ef90000, 0x100a0000)
 tenured generation   total 349568K, used 349567K [0x100a0000, 0x25600000, 0x25600000)
   the space 349568K,  99% used [0x100a0000, 0x255fff68, 0x25600000, 0x25600000)
 Metaspace       used 25707K, capacity 26259K, committed 26368K, reserved 27008K
Event: 600.908 GC heap after
Heap after GC invocations=99 (full 68):
 def new generation   total 157248K, used 157220K [0x05600000, 0x100a0000, 0x100a0000)
  eden space 139776K,  99% used [0x05600000, 0x0de7cda8, 0x0de80000)
  from space 17472K,  99% used [0x0de80000, 0x0ef8c570, 0x0ef90000)
  to   space 17472K,   0% used [0x0ef90000, 0x0ef90000, 0x100a0000)
 tenured generation   total 349568K, used 349567K [0x100a0000, 0x25600000, 0x25600000)
   the space 349568K,  99% used [0x100a0000, 0x255ffe70, 0x25600000, 0x25600000)
 Metaspace       used 25707K, capacity 26259K, committed 26368K, reserved 27008K
}
Event: 600.909 GC heap before
{Heap before GC invocations=99 (full 68):
 def new generation   total 157248K, used 157247K [0x05600000, 0x100a0000, 0x100a0000)
  eden space 139776K, 100% used [0x05600000, 0x0de80000, 0x0de80000)
  from space 17472K,  99% used [0x0de80000, 0x0ef8ffe0, 0x0ef90000)
  to   space 17472K,   0% used [0x0ef90000, 0x0ef90000, 0x100a0000)
 tenured generation   total 349568K, used 349567K [0x100a0000, 0x25600000, 0x25600000)
   the space 349568K,  99% used [0x100a0000, 0x255fffb8, 0x25600000, 0x25600000)
 Metaspace       used 25707K, capacity 26259K, committed 26368K, reserved 27008K
Event: 601.277 GC heap after
Heap after GC invocations=100 (full 69):
 def new generation   total 157248K, used 157221K [0x05600000, 0x100a0000, 0x100a0000)
  eden space 139776K,  99% used [0x05600000, 0x0de7cf10, 0x0de80000)
  from space 17472K,  99% used [0x0de80000, 0x0ef8c660, 0x0ef90000)
  to   space 17472K,   0% used [0x0ef90000, 0x0ef90000, 0x100a0000)
 tenured generation   total 349568K, used 349567K [0x100a0000, 0x25600000, 0x25600000)
   the space 349568K,  99% used [0x100a0000, 0x255fffb8, 0x25600000, 0x25600000)
 Metaspace       used 25707K, capacity 26259K, committed 26368K, reserved 27008K
}
Event: 601.277 GC heap before
{Heap before GC invocations=100 (full 69):
 def new generation   total 157248K, used 157247K [0x05600000, 0x100a0000, 0x100a0000)
  eden space 139776K, 100% used [0x05600000, 0x0de80000, 0x0de80000)
  from space 17472K,  99% used [0x0de80000, 0x0ef8ffc0, 0x0ef90000)
  to   space 17472K,   0% used [0x0ef90000, 0x0ef90000, 0x100a0000)
 tenured generation   total 349568K, used 349567K [0x100a0000, 0x25600000, 0x25600000)
   the space 349568K,  99% used [0x100a0000, 0x255fffb8, 0x25600000, 0x25600000)
 Metaspace       used 25707K, capacity 26259K, committed 26368K, reserved 27008K
Event: 601.651 GC heap after
Heap after GC invocations=101 (full 70):
 def new generation   total 157248K, used 157221K [0x05600000, 0x100a0000, 0x100a0000)
  eden space 139776K,  99% used [0x05600000, 0x0de7d218, 0x0de80000)
  from space 17472K,  99% used [0x0de80000, 0x0ef8c4f0, 0x0ef90000)
  to   space 17472K,   0% used [0x0ef90000, 0x0ef90000, 0x100a0000)
 tenured generation   total 349568K, used 349567K [0x100a0000, 0x25600000, 0x25600000)
   the space 349568K,  99% used [0x100a0000, 0x255fffb8, 0x25600000, 0x25600000)
 Metaspace       used 25707K, capacity 26259K, committed 26368K, reserved 27008K
}
Event: 601.652 GC heap before
{Heap before GC invocations=101 (full 70):
 def new generation   total 157248K, used 157241K [0x05600000, 0x100a0000, 0x100a0000)
  eden space 139776K, 100% used [0x05600000, 0x0de80000, 0x0de80000)
  from space 17472K,  99% used [0x0de80000, 0x0ef8e4a8, 0x0ef90000)
  to   space 17472K,   0% used [0x0ef90000, 0x0ef90000, 0x100a0000)
 tenured generation   total 349568K, used 349567K [0x100a0000, 0x25600000, 0x25600000)
   the space 349568K,  99% used [0x100a0000, 0x255fffb8, 0x25600000, 0x25600000)
 Metaspace       used 25707K, capacity 26259K, committed 26368K, reserved 27008K
Event: 602.019 GC heap after
Heap after GC invocations=102 (full 71):
 def new generation   total 157248K, used 157180K [0x05600000, 0x100a0000, 0x100a0000)
  eden space 139776K,  99% used [0x05600000, 0x0de72ae8, 0x0de80000)
  from space 17472K,  99% used [0x0de80000, 0x0ef8c5c8, 0x0ef90000)
  to   space 17472K,   0% used [0x0ef90000, 0x0ef90000, 0x100a0000)
 tenured generation   total 349568K, used 349567K [0x100a0000, 0x25600000, 0x25600000)
   the space 349568K,  99% used [0x100a0000, 0x255fffb8, 0x25600000, 0x25600000)
 Metaspace       used 25707K, capacity 26259K, committed 26368K, reserved 27008K
}
Event: 602.019 GC heap before
{Heap before GC invocations=102 (full 71):
 def new generation   total 157248K, used 157180K [0x05600000, 0x100a0000, 0x100a0000)
  eden space 139776K,  99% used [0x05600000, 0x0de72ae8, 0x0de80000)
  from space 17472K,  99% used [0x0de80000, 0x0ef8c5c8, 0x0ef90000)
  to   space 17472K,   0% used [0x0ef90000, 0x0ef90000, 0x100a0000)
 tenured generation   total 349568K, used 349567K [0x100a0000, 0x25600000, 0x25600000)
   the space 349568K,  99% used [0x100a0000, 0x255fffb8, 0x25600000, 0x25600000)
 Metaspace       used 25707K, capacity 26259K, committed 26368K, reserved 27008K
Event: 602.391 GC heap after
Heap after GC invocations=103 (full 72):
 def new generation   total 157248K, used 157180K [0x05600000, 0x100a0000, 0x100a0000)
  eden space 139776K,  99% used [0x05600000, 0x0de72ae8, 0x0de80000)
  from space 17472K,  99% used [0x0de80000, 0x0ef8c5c8, 0x0ef90000)
  to   space 17472K,   0% used [0x0ef90000, 0x0ef90000, 0x100a0000)
 tenured generation   total 349568K, used 349567K [0x100a0000, 0x25600000, 0x25600000)
   the space 349568K,  99% used [0x100a0000, 0x255ffe70, 0x25600000, 0x25600000)
 Metaspace       used 25707K, capacity 26259K, committed 26368K, reserved 27008K
}

Deoptimization events (0 events):
No events

Classes redefined (0 events):
No events

Internal exceptions (10 events):
Event: 362.930 Thread 0x29b06800 Exception <a 'sun/nio/fs/WindowsException'> (0x063e1c58) thrown at [C:\workspace\8-2-build-windows-i586-cygwin\jdk8u191\11896\hotspot\src\share\vm\prims\jni.cpp, line 709]
Event: 362.931 Thread 0x29b06800 Exception <a 'sun/nio/fs/WindowsException'> (0x06402e70) thrown at [C:\workspace\8-2-build-windows-i586-cygwin\jdk8u191\11896\hotspot\src\share\vm\prims\jni.cpp, line 709]
Event: 362.931 Thread 0x29b06800 Exception <a 'sun/nio/fs/WindowsException'> (0x064033f0) thrown at [C:\workspace\8-2-build-windows-i586-cygwin\jdk8u191\11896\hotspot\src\share\vm\prims\jni.cpp, line 709]
Event: 362.932 Thread 0x29b06800 Exception <a 'sun/nio/fs/WindowsException'> (0x06417f90) thrown at [C:\workspace\8-2-build-windows-i586-cygwin\jdk8u191\11896\hotspot\src\share\vm\prims\jni.cpp, line 709]
Event: 362.932 Thread 0x29b06800 Exception <a 'sun/nio/fs/WindowsException'> (0x06418560) thrown at [C:\workspace\8-2-build-windows-i586-cygwin\jdk8u191\11896\hotspot\src\share\vm\prims\jni.cpp, line 709]
Event: 362.933 Thread 0x29b06800 Exception <a 'sun/nio/fs/WindowsException'> (0x06426510) thrown at [C:\workspace\8-2-build-windows-i586-cygwin\jdk8u191\11896\hotspot\src\share\vm\prims\jni.cpp, line 709]
Event: 362.933 Thread 0x29b06800 Exception <a 'sun/nio/fs/WindowsException'> (0x06426ac8) thrown at [C:\workspace\8-2-build-windows-i586-cygwin\jdk8u191\11896\hotspot\src\share\vm\prims\jni.cpp, line 709]
Event: 362.934 Thread 0x29b06800 Exception <a 'sun/nio/fs/WindowsException'> (0x064479a8) thrown at [C:\workspace\8-2-build-windows-i586-cygwin\jdk8u191\11896\hotspot\src\share\vm\prims\jni.cpp, line 709]
Event: 362.934 Thread 0x29b06800 Exception <a 'sun/nio/fs/WindowsException'> (0x06447f50) thrown at [C:\workspace\8-2-build-windows-i586-cygwin\jdk8u191\11896\hotspot\src\share\vm\prims\jni.cpp, line 709]
Event: 602.391 Thread 0x29b05000 Exception <a 'java/lang/OutOfMemoryError'> (0x10146110) thrown at [C:\workspace\8-2-build-windows-i586-cygwin\jdk8u191\11896\hotspot\src\share\vm\gc_interface/collectedHeap.inline.hpp, line 159]

Events (10 events):
Event: 600.195 Executing VM operation: GenCollectForAllocation
Event: 600.528 Executing VM operation: GenCollectForAllocation done
Event: 600.528 Executing VM operation: GenCollectForAllocation
Event: 600.908 Executing VM operation: GenCollectForAllocation done
Event: 600.909 Executing VM operation: GenCollectForAllocation
Event: 601.277 Executing VM operation: GenCollectForAllocation done
Event: 601.277 Executing VM operation: GenCollectForAllocation
Event: 601.651 Executing VM operation: GenCollectForAllocation done
Event: 601.651 Executing VM operation: GenCollectForAllocation
Event: 602.391 Executing VM operation: GenCollectForAllocation done


Dynamic libraries:
0x00180000 - 0x001b3000 	C:\Program Files (x86)\Arduino\java\bin\javaw.exe
0x77210000 - 0x773b3000 	C:\Windows\SYSTEM32\ntdll.dll
0x76df0000 - 0x76ee0000 	C:\Windows\System32\KERNEL32.DLL
0x76440000 - 0x76658000 	C:\Windows\System32\KERNELBASE.dll
0x760a0000 - 0x7611b000 	C:\Windows\System32\ADVAPI32.dll
0x751d0000 - 0x7528f000 	C:\Windows\System32\msvcrt.dll
0x76660000 - 0x766d6000 	C:\Windows\System32\sechost.dll
0x759a0000 - 0x75a5e000 	C:\Windows\System32\RPCRT4.dll
0x75460000 - 0x755fc000 	C:\Windows\System32\USER32.dll
0x77060000 - 0x77078000 	C:\Windows\System32\win32u.dll
0x76dc0000 - 0x76de3000 	C:\Windows\System32\GDI32.dll
0x76ee0000 - 0x76fbc000 	C:\Windows\System32\gdi32full.dll
0x761a0000 - 0x7621b000 	C:\Windows\System32\msvcp_win.dll
0x770e0000 - 0x77200000 	C:\Windows\System32\ucrtbase.dll
0x74010000 - 0x74220000 	C:\Windows\WinSxS\x86_microsoft.windows.common-controls_6595b64144ccf1df_6.0.19041.1110_none_a8625c1886757984\COMCTL32.dll
0x767e0000 - 0x76805000 	C:\Windows\System32\IMM32.DLL
0x62b10000 - 0x62bcf000 	C:\Program Files (x86)\Arduino\java\bin\msvcr100.dll
0x5f150000 - 0x5f523000 	C:\Program Files (x86)\Arduino\java\bin\client\jvm.dll
0x75610000 - 0x75616000 	C:\Windows\System32\PSAPI.DLL
0x74720000 - 0x74728000 	C:\Windows\SYSTEM32\WSOCK32.dll
0x73e70000 - 0x73e98000 	C:\Windows\SYSTEM32\WINMM.dll
0x74d10000 - 0x74d18000 	C:\Windows\SYSTEM32\VERSION.dll
0x75680000 - 0x756e3000 	C:\Windows\System32\WS2_32.dll
0x655a0000 - 0x655d0000 	C:\Program Files (x86)\Arduino\java\bin\splashscreen.dll
0x74240000 - 0x742b4000 	C:\Windows\system32\uxtheme.dll
0x75700000 - 0x7597f000 	C:\Windows\System32\combase.dll
0x65590000 - 0x6559c000 	C:\Program Files (x86)\Arduino\java\bin\verify.dll
0x63960000 - 0x63a5f000 	C:\ProgramData\A-Volute\A-Volute.Nahimic\Modules\Scheduled\AudioDevProps2.dll
0x750e0000 - 0x751c3000 	C:\Windows\System32\ole32.dll
0x76360000 - 0x763a5000 	C:\Windows\System32\SHLWAPI.dll
0x75a60000 - 0x76016000 	C:\Windows\System32\SHELL32.dll
0x62d80000 - 0x62da2000 	C:\Program Files (x86)\Arduino\java\bin\java.dll
0x65740000 - 0x657d2000 	C:\ProgramData\A-Volute\A-Volute.Nahimic\Modules\Scheduled\NahimicOSD.dll
0x679b0000 - 0x67a05000 	C:\ProgramData\A-Volute\A-Volute.Nahimic\Modules\Scheduled\ProductInfo.dll
0x65550000 - 0x65564000 	C:\Program Files (x86)\Arduino\java\bin\zip.dll
0x75290000 - 0x75364000 	C:\Windows\System32\MSCTF.dll
0x76fc0000 - 0x77056000 	C:\Windows\System32\OLEAUT32.dll
0x73e60000 - 0x73e6f000 	C:\Windows\SYSTEM32\kernel.appcore.dll
0x77080000 - 0x770df000 	C:\Windows\System32\bcryptPrimitives.dll
0x63470000 - 0x63529000 	C:\Windows\SYSTEM32\textinputframework.dll
0x627b0000 - 0x62a2e000 	C:\Windows\System32\CoreUIComponents.dll
0x62460000 - 0x624fb000 	C:\Windows\System32\CoreMessaging.dll
0x75370000 - 0x753f7000 	C:\Windows\System32\SHCORE.dll
0x69e20000 - 0x69efb000 	C:\Windows\SYSTEM32\wintypes.dll
0x71fe0000 - 0x72009000 	C:\Windows\SYSTEM32\ntmarta.dll
0x719d0000 - 0x71fdc000 	C:\Windows\SYSTEM32\windows.storage.dll
0x704b0000 - 0x704d4000 	C:\Windows\System32\Wldp.dll
0x70250000 - 0x70268000 	C:\Windows\SYSTEM32\profapi.dll
0x61940000 - 0x619b3000 	C:\Program Files (x86)\Arduino\lib\listSerialsj.dll
0x76980000 - 0x76dbb000 	C:\Windows\System32\SETUPAPI.dll
0x76320000 - 0x7635b000 	C:\Windows\System32\cfgmgr32.dll
0x75980000 - 0x75999000 	C:\Windows\System32\bcrypt.dll
0x65210000 - 0x6522d000 	C:\Program Files (x86)\Arduino\lib\jnidispatch-4.2.2-win32-x86.dll
0x64f50000 - 0x64f65000 	C:\Program Files (x86)\Arduino\java\bin\net.dll
0x704e0000 - 0x70532000 	C:\Windows\system32\mswsock.dll
0x64f30000 - 0x64f3f000 	C:\Program Files (x86)\Arduino\java\bin\nio.dll
0x27010000 - 0x27157000 	C:\Program Files (x86)\Arduino\java\bin\awt.dll
0x684b0000 - 0x6854f000 	C:\Windows\SYSTEM32\apphelp.dll
0x733e0000 - 0x73406000 	C:\Windows\system32\DWMAPI.DLL
0x62ad0000 - 0x62b09000 	C:\Program Files (x86)\Arduino\java\bin\fontmanager.dll
0x61230000 - 0x61334000 	C:\Windows\system32\opengl32.dll
0x62a90000 - 0x62acf000 	C:\Windows\SYSTEM32\GLU32.dll
0x62a50000 - 0x62a82000 	C:\Program Files (x86)\Arduino\java\bin\t2k.dll
0x63460000 - 0x6346a000 	C:\Program Files (x86)\Arduino\java\bin\management.dll
0x6bbc0000 - 0x6bbd1000 	C:\Windows\system32\napinsp.dll
0x6bba0000 - 0x6bbb6000 	C:\Windows\system32\pnrpnsp.dll
0x6bb90000 - 0x6bba0000 	C:\Windows\system32\wshbth.dll
0x6bb70000 - 0x6bb86000 	C:\Windows\system32\NLAapi.dll
0x720e0000 - 0x72112000 	C:\Windows\SYSTEM32\IPHLPAPI.DLL
0x72020000 - 0x720b1000 	C:\Windows\SYSTEM32\DNSAPI.dll
0x756f0000 - 0x756f7000 	C:\Windows\System32\NSI.dll
0x6bb60000 - 0x6bb6e000 	C:\Windows\System32\winrnr.dll
0x6bb30000 - 0x6bb51000 	C:\Program Files (x86)\Bonjour\mdnsNSP.dll
0x6a3a0000 - 0x6a3f9000 	C:\Windows\System32\fwpuclnt.dll
0x6b840000 - 0x6b848000 	C:\Windows\System32\rasadhlp.dll
0x68d20000 - 0x68d34000 	C:\Windows\SYSTEM32\dhcpcsvc6.DLL
0x73560000 - 0x73576000 	C:\Windows\SYSTEM32\dhcpcsvc.DLL
0x6feb0000 - 0x6fec3000 	C:\Windows\SYSTEM32\CRYPTSP.dll
0x6fe80000 - 0x6feaf000 	C:\Windows\system32\rsaenh.dll
0x74ce0000 - 0x74d05000 	C:\Windows\SYSTEM32\USERENV.dll
0x703c0000 - 0x703ca000 	C:\Windows\SYSTEM32\CRYPTBASE.dll
0x69200000 - 0x69224000 	C:\Windows\SYSTEM32\DEVOBJ.dll
0x766e0000 - 0x7672d000 	C:\Windows\System32\WINTRUST.dll
0x76220000 - 0x7631a000 	C:\Windows\System32\CRYPT32.dll
0x72120000 - 0x7212e000 	C:\Windows\SYSTEM32\MSASN1.dll
0x60fa0000 - 0x61009000 	C:\Program Files (x86)\Arduino\msvcp100.dll
0x60ee0000 - 0x60f9e000 	C:\Program Files (x86)\Arduino\msvcr100.dll
0x28e20000 - 0x28e52000 	C:\Program Files (x86)\Arduino\lib\AStylej.dll
0x62510000 - 0x62534000 	C:\Program Files (x86)\Arduino\java\bin\dcpr.dll
0x76020000 - 0x7609e000 	C:\Windows\System32\clbcatq.dll
0x63150000 - 0x632c1000 	C:\Windows\SYSTEM32\WindowsCodecs.dll
0x65510000 - 0x65541000 	C:\Windows\system32\dataexchange.dll
0x66000000 - 0x661e0000 	C:\Windows\system32\d3d11.dll
0x62fe0000 - 0x63144000 	C:\Windows\system32\dcomp.dll
0x64e60000 - 0x64f22000 	C:\Windows\system32\dxgi.dll
0x69f00000 - 0x6a08f000 	C:\Windows\system32\twinapi.appcore.dll
0x62a30000 - 0x62a50000 	C:\Program Files (x86)\Arduino\java\bin\sunec.dll
0x62590000 - 0x62599000 	C:\Program Files (x86)\Arduino\java\bin\sunmscapi.dll
0x64000000 - 0x6401b000 	C:\Program Files (x86)\Arduino\lib\jSSC-2.8_x86.dll
0x6fcc0000 - 0x6fe48000 	C:\Windows\SYSTEM32\dbghelp.dll

VM Arguments:
jvm_args: -Dsun.java2d.d3d=false -Djna.nosys=true -Djna.nounpack=true -Djna.boot.library.name=jnidispatch-4.2.2-win32-x86 -Djna.boot.library.path=C:\Program Files (x86)\Arduino/lib -Djssc.library.path=C:\Program Files (x86)\Arduino/lib -DAPP_DIR=C:\Program Files (x86)\Arduino -Xms128M -Xmx512M -Dfile.encoding=UTF8 -Djava.net.preferIPv4Stack=true 
java_command: processing.app.Base C:\Users\eddyc\Desktop\project\Wifi\metro-starter-arduino\metro-starter-arduino.ino
java_class_path (initial): C:\Program Files (x86)\Arduino\lib\apple.jar;C:\Program Files (x86)\Arduino\lib\arduino-core.jar;C:\Program Files (x86)\Arduino\lib\batik-1.8.jar;C:\Program Files (x86)\Arduino\lib\batik-anim-1.8.jar;C:\Program Files (x86)\Arduino\lib\batik-awt-util-1.8.jar;C:\Program Files (x86)\Arduino\lib\batik-bridge-1.8.jar;C:\Program Files (x86)\Arduino\lib\batik-codec-1.8.jar;C:\Program Files (x86)\Arduino\lib\batik-css-1.8.jar;C:\Program Files (x86)\Arduino\lib\batik-dom-1.8.jar;C:\Program Files (x86)\Arduino\lib\batik-ext-1.8.jar;C:\Program Files (x86)\Arduino\lib\batik-gvt-1.8.jar;C:\Program Files (x86)\Arduino\lib\batik-parser-1.8.jar;C:\Program Files (x86)\Arduino\lib\batik-rasterizer-1.8.jar;C:\Program Files (x86)\Arduino\lib\batik-script-1.8.jar;C:\Program Files (x86)\Arduino\lib\batik-squiggle-1.8.jar;C:\Program Files (x86)\Arduino\lib\batik-svg-dom-1.8.jar;C:\Program Files (x86)\Arduino\lib\batik-svgpp-1.8.jar;C:\Program Files (x86)\Arduino\lib\batik-transcoder-1.8.jar;C:\Program Files (x86)\Arduino\lib\batik-util-1.8.jar;C:\Program Files (x86)\Arduino\lib\batik-xml-1.8.jar;C:\Program Files (x86)\Arduino\lib\bcpg-jdk15on-152.jar;C:\Program Files (x86)\Arduino\lib\bcprov-jdk15on-152.jar;C:\Program Files (x86)\Arduino\lib\commons-codec-1.7.jar;C:\Program Files (x86)\Arduino\lib\commons-compress-1.8.jar;C:\Program Files (x86)\Arduino\lib\commons-exec-1.1.jar;C:\Program Files (x86)\Arduino\lib\commons-httpclient-3.1.jar;C:\Program Files (x86)\Arduino\lib\commons-lang3-3.8.1.jar;C:\Program Files (x86)\Arduino\lib\commons-logging-1.0.4.jar;C:\Program Files (x86)\Arduino\lib\commons-net-3.3.jar;C:\Program Files (x86)\Arduino\lib\commons-io-2.6.jar;C:\Program Files (x86)\Arduino\lib\jackson-annotations-2.9.5.jar;C:\Program Files (x86)\Arduino\lib\jackson-core-2.9.5.jar;C:\Program Files (x86)\Arduino\lib\jackson-databind-2.9.5.jar;C:\Program Files (x86)\Arduino\lib\java-semver-0.8.0.jar;C:\Program Files (x86)\Arduino\lib\jmdns-3.5.5.jar;C:\Program
Launcher Type: SUN_STANDARD

Environment Variables:
PATH=C:\Program Files (x86)\NVIDIA Corporation\PhysX\Common;C:\Program Files\Common Files\Oracle\Java\javapath;C:\Program Files\Eclipse Foundation\jdk-16.0.2.7-hotspot\bin;C:\Windows\system32;C:\Windows;C:\Windows\System32\Wbem;C:\Windows\System32\WindowsPowerShell\v1.0\;C:\Windows\System32\OpenSSH\;C:\Program Files\NVIDIA Corporation\NVIDIA NvDLISR;C:\MinGW\MinGW\bin;C:\Program Files (x86)\Pico Technology\PicoScope6\;C:\Program Files\dotnet\;C:\Program Files\Microsoft SQL Server\Client SDK\ODBC\110\Tools\Binn\;C:\Program Files (x86)\Microsoft SQL Server\120\Tools\Binn\;C:\Program Files\Microsoft SQL Server\120\Tools\Binn\;C:\Program Files\Microsoft SQL Server\120\DTS\Binn\;C:\Program Files (x86)\Windows Kits\8.1\Windows Performance Toolkit\;C:\Program Files\PuTTY\;C:\Program Files\MATLAB\R2021b\runtime\win64;C:\Program Files\MATLAB\R2021b\bin;C:\Users\eddyc\AppData\Local\Microsoft\WindowsApps;C:\Users\eddyc\AppData\Local\Programs\Microsoft VS Code\bin;C:\MinGW\MinGW\bin;C:\Users\eddyc\.dotnet\tools;C:\Users\eddyc\AppData\Local\Programs\Julia-1.7.2\bin;C:\Program Files (x86)\Arduino\java\bin
USERNAME=eddyc
OS=Windows_NT
PROCESSOR_IDENTIFIER=Intel64 Family 6 Model 165 Stepping 2, GenuineIntel



---------------  S Y S T E M  ---------------

OS: Windows 10.0 , 64 bit Build 19041 (10.0.19041.1706)

CPU:total 16 (initial active 16) (8 cores per cpu, 2 threads per core) family 6 model 165 stepping 2, cmov, cx8, fxsr, mmx, sse, sse2, sse3, ssse3, sse4.1, sse4.2, popcnt, avx, avx2, aes, clmul, erms, 3dnowpref, lzcnt, ht, tsc, tscinvbit, bmi1, bmi2, adx

Memory: 4k page, physical 33441420k(18864028k free), swap 35538572k(15786868k free)

vm_info: Java HotSpot(TM) Client VM (25.191-b12) for windows-x86 JRE (1.8.0_191-b12), built on Oct  6 2018 08:34:23 by "java_re" with MS VC++ 10.0 (VS2010)

time: Wed May 25 13:51:05 2022
elapsed time: 602 seconds (0d 0h 10m 2s)

